{"/Users/admin/react/test-tasks/react/text-editor/src/components/Button.tsx": {"path":"/Users/admin/react/test-tasks/react/text-editor/src/components/Button.tsx","all":false,"statementMap":{"0":{"start":{"line":1,"column":0},"end":{"line":1,"column":26}},"1":{"start":{"line":2,"column":0},"end":{"line":2,"column":0}},"2":{"start":{"line":3,"column":0},"end":{"line":3,"column":78}},"3":{"start":{"line":4,"column":0},"end":{"line":4,"column":10}},"4":{"start":{"line":5,"column":0},"end":{"line":5,"column":98}},"5":{"start":{"line":6,"column":0},"end":{"line":6,"column":4}},"6":{"start":{"line":7,"column":0},"end":{"line":7,"column":2}}},"s":{"0":1,"1":1,"2":1,"3":4,"4":4,"5":4,"6":4},"branchMap":{"0":{"type":"branch","line":3,"loc":{"start":{"line":3,"column":22},"end":{"line":7,"column":2}},"locations":[{"start":{"line":3,"column":22},"end":{"line":7,"column":2}}]},"1":{"type":"branch","line":7,"loc":{"start":{"line":7,"column":0},"end":{"line":7,"column":2}},"locations":[{"start":{"line":7,"column":0},"end":{"line":7,"column":2}}]}},"b":{"0":[4],"1":[4]},"fnMap":{"0":{"name":"Button","decl":{"start":{"line":3,"column":22},"end":{"line":7,"column":2}},"loc":{"start":{"line":3,"column":22},"end":{"line":7,"column":2}},"line":3},"1":{"name":"get","decl":{"start":{"line":7,"column":0},"end":{"line":7,"column":2}},"loc":{"start":{"line":7,"column":0},"end":{"line":7,"column":2}},"line":7}},"f":{"0":4,"1":4}}
}
